<?xml version="1.0" encoding="UTF-8"?>
<testsuite xmlns:xsi="http://www.w3.org/2001/XMLSchema-instance" xsi:noNamespaceSchemaLocation="https://maven.apache.org/surefire/maven-surefire-plugin/xsd/surefire-test-report-3.0.xsd" version="3.0" name="com.CPU.components.LogicGatesTests" time="0.004" tests="14" errors="0" skipped="0" failures="0">
  <properties>
[...]
</properties>
  <testcase name="XNORgateShouldReturnOneWhenInputsAreTheSame" classname="com.CPU.components.LogicGatesTests" time="0"/>
  <testcase name="CNIMPLYgateShouldReturnOneOnlyWhenFirstInputIsZeroAndSecondInputIsOne" classname="com.CPU.components.LogicGatesTests" time="0"/>
  <testcase name="NIMPLYgateShouldReturnOneOnlyWhenFirstInputIsOneAndSecondInputIsZero" classname="com.CPU.components.LogicGatesTests" time="0"/>
  <testcase name="NANDgateShouldReturnZeroOnlyWhenBothInputsAreOne" classname="com.CPU.components.LogicGatesTests" time="0"/>
  <testcase name="XORgateShouldReturnZeroWhenInputsAreTheSame" classname="com.CPU.components.LogicGatesTests" time="0"/>
  <testcase name="ORgateShouldReturnZeroOnlyWhenBothInputsAreZero" classname="com.CPU.components.LogicGatesTests" time="0"/>
  <testcase name="NOTgateShouldInvertInput" classname="com.CPU.components.LogicGatesTests" time="0"/>
  <testcase name="CIMPLYgateShouldReturnZeroOnlyWhenFirstInputIsZeroAndSecondInputIsOne" classname="com.CPU.components.LogicGatesTests" time="0"/>
  <testcase name="IMPLYgateShouldReturnZeroOnlyWhenFirstInputIsOneAndSecondInputIsZero" classname="com.CPU.components.LogicGatesTests" time="0"/>
  <testcase name="ANDgateShouldReturnOneOnlyWhenBothInputsAreOne" classname="com.CPU.components.LogicGatesTests" time="0.002"/>
  <testcase name="TAUTOLOGYgateShouldAlwaysReturnOne" classname="com.CPU.components.LogicGatesTests" time="0"/>
  <testcase name="NORgateShouldReturnOneOnlyWhenBothInputsAreZero" classname="com.CPU.components.LogicGatesTests" time="0"/>
  <testcase name="BUFFERgateShouldNotChangeInput" classname="com.CPU.components.LogicGatesTests" time="0"/>
  <testcase name="CONTRADICTIONgateShouldAlwaysReturnZero" classname="com.CPU.components.LogicGatesTests" time="0"/>
</testsuite>